<?xml version="1.0" encoding="UTF-8"?>
<testng-results skipped="0" failed="0" ignored="0" total="1" passed="1">
  <reporter-output>
  </reporter-output>
  <suite name="Default suite" duration-ms="9821" started-at="2017-11-17T00:58:26Z" finished-at="2017-11-17T00:58:36Z">
    <groups>
    </groups>
    <test name="Default test" duration-ms="9821" started-at="2017-11-17T00:58:26Z" finished-at="2017-11-17T00:58:36Z">
      <class name="TestCases.TestCase1">
        <test-method status="PASS" signature="beforeTest()[pri:0, instance:TestCases.TestCase1@5419f379]" name="beforeTest" is-config="true" duration-ms="6465" started-at="2017-11-16T18:58:26Z" finished-at="2017-11-16T18:58:33Z">
          <reporter-output>
          </reporter-output>
        </test-method> <!-- beforeTest -->
        <test-method status="PASS" signature="tc1()[pri:0, instance:TestCases.TestCase1@5419f379]" name="tc1" duration-ms="3111" started-at="2017-11-16T18:58:33Z" finished-at="2017-11-16T18:58:36Z">
          <reporter-output>
          </reporter-output>
        </test-method> <!-- tc1 -->
        <test-method status="PASS" signature="afterTest()[pri:0, instance:TestCases.TestCase1@5419f379]" name="afterTest" is-config="true" duration-ms="201" started-at="2017-11-16T18:58:36Z" finished-at="2017-11-16T18:58:36Z">
          <reporter-output>
          </reporter-output>
        </test-method> <!-- afterTest -->
      </class> <!-- TestCases.TestCase1 -->
    </test> <!-- Default test -->
  </suite> <!-- Default suite -->
</testng-results>
